<?xml version="1.0" encoding="utf-8"?>
<CoverageSession xmlns:xsd="http://www.w3.org/2001/XMLSchema" xmlns:xsi="http://www.w3.org/2001/XMLSchema-instance" Version="4.7.1204.0">
  <Summary numSequencePoints="0" visitedSequencePoints="0" numBranchPoints="0" visitedBranchPoints="0" sequenceCoverage="0" branchCoverage="0" maxCyclomaticComplexity="0" minCyclomaticComplexity="0" maxCrapScore="0" minCrapScore="0" visitedClasses="0" numClasses="0" visitedMethods="0" numMethods="0" />
  <Modules>
    <Module skippedDueTo="Filter" hash="CD-B3-6C-61-6C-B5-13-F9-86-FD-E6-15-61-71-66-36-DC-3D-2E-3A">
      <ModulePath>C:\WINDOWS\Microsoft.Net\assembly\GAC_64\mscorlib\v4.0_4.0.0.0__b77a5c561934e089\mscorlib.dll</ModulePath>
      <ModuleTime>2020-10-08T02:19:17.5217093Z</ModuleTime>
      <ModuleName>mscorlib</ModuleName>
      <Classes />
    </Module>
    <Module skippedDueTo="Filter" hash="49-6D-42-03-C6-53-6E-72-1F-76-78-AB-9F-52-DB-CC-3D-43-28-41">
      <ModulePath>C:\Users\paola.giorsetti\.nuget\packages\xunit.runner.console\2.4.1\tools\net472\xunit.console.exe</ModulePath>
      <ModuleTime>2018-10-29T07:17:04Z</ModuleTime>
      <ModuleName>xunit.console</ModuleName>
      <Classes />
    </Module>
    <Module skippedDueTo="Filter" hash="6B-4D-36-1F-A8-F2-1F-05-F8-C9-A8-71-E2-90-17-07-CC-68-12-DB">
      <ModulePath>C:\Users\paola.giorsetti\.nuget\packages\xunit.runner.console\2.4.1\tools\net472\xunit.abstractions.dll</ModulePath>
      <ModuleTime>2018-10-29T07:17:04Z</ModuleTime>
      <ModuleName>xunit.abstractions</ModuleName>
      <Classes />
    </Module>
    <Module skippedDueTo="Filter" hash="55-2F-2D-21-CF-29-E1-F1-4D-1E-23-9C-7A-43-9B-CA-B6-81-97-1D">
      <ModulePath>C:\WINDOWS\Microsoft.Net\assembly\GAC_MSIL\System.Core\v4.0_4.0.0.0__b77a5c561934e089\System.Core.dll</ModulePath>
      <ModuleTime>2020-12-02T22:45:24Z</ModuleTime>
      <ModuleName>System.Core</ModuleName>
      <Classes />
    </Module>
    <Module skippedDueTo="Filter" hash="A5-B7-BC-42-9C-AA-2C-7A-42-E2-43-5A-2F-7B-F3-B2-00-B1-CB-E6">
      <ModulePath>C:\Users\paola.giorsetti\.nuget\packages\xunit.runner.console\2.4.1\tools\net472\xunit.runner.utility.net452.dll</ModulePath>
      <ModuleTime>2018-10-29T07:17:04Z</ModuleTime>
      <ModuleName>xunit.runner.utility.net452</ModuleName>
      <Classes />
    </Module>
    <Module skippedDueTo="Filter" hash="3E-65-A2-05-7C-67-F0-C6-A0-B8-F5-C9-09-73-B6-EC-86-B4-9C-58">
      <ModulePath>C:\WINDOWS\Microsoft.Net\assembly\GAC_MSIL\System\v4.0_4.0.0.0__b77a5c561934e089\System.dll</ModulePath>
      <ModuleTime>2020-10-08T02:21:34Z</ModuleTime>
      <ModuleName>System</ModuleName>
      <Classes />
    </Module>
    <Module skippedDueTo="Filter" hash="E4-D1-8B-D7-79-3C-B4-80-A8-3F-D2-B2-34-ED-5A-C5-10-62-37-F2">
      <ModulePath>C:\WINDOWS\Microsoft.Net\assembly\GAC_MSIL\System.Xml.Linq\v4.0_4.0.0.0__b77a5c561934e089\System.Xml.Linq.dll</ModulePath>
      <ModuleTime>2019-03-19T04:46:43.9447582Z</ModuleTime>
      <ModuleName>System.Xml.Linq</ModuleName>
      <Classes />
    </Module>
    <Module skippedDueTo="Filter" hash="BA-94-4B-50-1E-D5-31-87-F3-25-6E-BA-07-71-E4-9F-22-0D-B8-34">
      <ModulePath>C:\WINDOWS\Microsoft.Net\assembly\GAC_MSIL\System.Xml\v4.0_4.0.0.0__b77a5c561934e089\System.Xml.dll</ModulePath>
      <ModuleTime>2019-03-19T04:46:51.77351Z</ModuleTime>
      <ModuleName>System.Xml</ModuleName>
      <Classes />
    </Module>
    <Module skippedDueTo="Filter" hash="C8-2E-64-82-9F-3E-E5-68-28-EC-A3-5B-05-18-0A-CC-70-C1-0D-04">
      <ModulePath>C:\WINDOWS\Microsoft.Net\assembly\GAC_MSIL\System.Configuration\v4.0_4.0.0.0__b03f5f7f11d50a3a\System.Configuration.dll</ModulePath>
      <ModuleTime>2020-06-05T05:04:06Z</ModuleTime>
      <ModuleName>System.Configuration</ModuleName>
      <Classes />
    </Module>
    <Module skippedDueTo="Filter" hash="92-46-BD-71-5B-AA-F1-B5-B3-9B-4C-F6-6A-4F-91-D5-32-37-5C-74">
      <ModulePath>C:\Users\paola.giorsetti\.nuget\packages\xunit.runner.console\2.4.1\tools\net472\xunit.runner.reporters.net452.dll</ModulePath>
      <ModuleTime>2018-10-29T07:17:04Z</ModuleTime>
      <ModuleName>xunit.runner.reporters.net452</ModuleName>
      <Classes />
    </Module>
    <Module skippedDueTo="Filter" hash="61-8E-C2-81-D1-83-0F-4B-EB-A7-B0-B3-A7-FA-0D-6E-88-8C-2A-84">
      <ModulePath>C:\WINDOWS\Microsoft.Net\assembly\GAC_MSIL\System.Net.Http\v4.0_4.0.0.0__b03f5f7f11d50a3a\System.Net.Http.dll</ModulePath>
      <ModuleTime>2019-03-19T04:46:51.7266313Z</ModuleTime>
      <ModuleName>System.Net.Http</ModuleName>
      <Classes />
    </Module>
    <Module skippedDueTo="Filter" hash="9E-65-4E-91-D0-78-C5-2E-17-2A-8D-C3-08-B2-E7-5D-5D-FD-27-C7">
      <ModulePath>C:\WINDOWS\Microsoft.Net\assembly\GAC_64\System.Web\v4.0_4.0.0.0__b03f5f7f11d50a3a\System.Web.dll</ModulePath>
      <ModuleTime>2021-01-05T01:27:55.4849868Z</ModuleTime>
      <ModuleName>System.Web</ModuleName>
      <Classes />
    </Module>
    <Module skippedDueTo="Filter" hash="D7-03-2A-46-36-29-27-DF-89-4D-AE-2A-24-D3-09-1F-C8-A5-C1-26">
      <ModulePath>C:\Users\paola.giorsetti\Desktop\agileFacu\AhorcadoGrupo4\AhorcadoGrupo4\bin\Debug\netcoreapp2.1\publish\Microsoft.VisualStudio.TestPlatform.ObjectModel.dll</ModulePath>
      <ModuleTime>2018-10-08T02:01:44Z</ModuleTime>
      <ModuleName>Microsoft.VisualStudio.TestPlatform.ObjectModel</ModuleName>
      <Classes />
    </Module>
    <Module skippedDueTo="Filter" hash="70-37-25-C9-B8-BF-F9-85-66-AE-F5-D6-96-45-CD-BB-C7-5C-11-02">
      <ModulePath>C:\WINDOWS\Microsoft.Net\assembly\GAC_MSIL\System.Runtime\v4.0_4.0.0.0__b03f5f7f11d50a3a\System.Runtime.dll</ModulePath>
      <ModuleTime>2019-03-19T04:46:43.1478208Z</ModuleTime>
      <ModuleName>System.Runtime</ModuleName>
      <Classes />
    </Module>
    <Module skippedDueTo="Filter" hash="A5-B7-BC-42-9C-AA-2C-7A-42-E2-43-5A-2F-7B-F3-B2-00-B1-CB-E6">
      <ModulePath>C:\Users\paola.giorsetti\AppData\Local\Temp\1054c28c-f84a-449a-bf2b-dd2786884cd5\1054c28c-f84a-449a-bf2b-dd2786884cd5\assembly\dl3\9a0262d5\00188764_576fd401\xunit.runner.utility.net452.dll</ModulePath>
      <ModuleTime>2021-06-18T19:07:21.813874Z</ModuleTime>
      <ModuleName>xunit.runner.utility.net452</ModuleName>
      <Classes />
    </Module>
    <Module skippedDueTo="Filter" hash="55-2F-2D-21-CF-29-E1-F1-4D-1E-23-9C-7A-43-9B-CA-B6-81-97-1D">
      <ModulePath>C:\WINDOWS\Microsoft.Net\assembly\GAC_MSIL\System.Core\v4.0_4.0.0.0__b77a5c561934e089\System.Core.dll</ModulePath>
      <ModuleTime>2020-12-02T22:45:24Z</ModuleTime>
      <ModuleName>System.Core</ModuleName>
      <Classes />
    </Module>
    <Module skippedDueTo="Filter" hash="3E-65-A2-05-7C-67-F0-C6-A0-B8-F5-C9-09-73-B6-EC-86-B4-9C-58">
      <ModulePath>C:\WINDOWS\Microsoft.Net\assembly\GAC_MSIL\System\v4.0_4.0.0.0__b77a5c561934e089\System.dll</ModulePath>
      <ModuleTime>2020-10-08T02:21:34Z</ModuleTime>
      <ModuleName>System</ModuleName>
      <Classes />
    </Module>
    <Module skippedDueTo="Filter" hash="">
      <ModulePath>RefEmit_InMemoryManifestModule</ModulePath>
      <ModuleTime>0001-01-01T00:00:00</ModuleTime>
      <ModuleName>Anonymously Hosted DynamicMethods Assembly</ModuleName>
      <Classes />
    </Module>
    <Module skippedDueTo="Filter" hash="B3-E4-61-6E-F4-2A-ED-FF-4F-AE-6A-F4-7F-AD-0E-27-D7-4B-5C-A7">
      <ModulePath>C:\Users\paola.giorsetti\Desktop\agileFacu\AhorcadoGrupo4\AhorcadoGrupo4\bin\Debug\netcoreapp2.1\publish\AhorcadoGrupo4.dll</ModulePath>
      <ModuleTime>2021-06-18T17:14:53.5637077Z</ModuleTime>
      <ModuleName>AhorcadoGrupo4</ModuleName>
      <Classes />
    </Module>
    <Module skippedDueTo="Filter" hash="E3-6E-00-D8-65-B5-77-8F-A6-87-2B-7E-91-AA-43-C2-F5-06-E3-D2">
      <ModulePath>C:\Users\paola.giorsetti\Desktop\agileFacu\AhorcadoGrupo4\AhorcadoGrupo4\bin\Debug\netcoreapp2.1\publish\xunit.execution.dotnet.dll</ModulePath>
      <ModuleTime>2018-10-29T07:17:00Z</ModuleTime>
      <ModuleName>xunit.execution.dotnet</ModuleName>
      <Classes />
    </Module>
    <Module skippedDueTo="Filter" hash="F4-D2-99-67-F6-8C-2C-14-0A-64-3C-1A-D1-D7-3E-E0-29-02-FD-D4">
      <ModulePath>C:\WINDOWS\Microsoft.Net\assembly\GAC_MSIL\System.Reflection\v4.0_4.0.0.0__b03f5f7f11d50a3a\System.Reflection.dll</ModulePath>
      <ModuleTime>2019-03-19T04:46:46.2574461Z</ModuleTime>
      <ModuleName>System.Reflection</ModuleName>
      <Classes />
    </Module>
    <Module skippedDueTo="Filter" hash="36-CB-E0-91-BC-72-44-C0-EA-DC-A7-89-73-30-E5-B8-18-B9-B8-2A">
      <ModulePath>C:\WINDOWS\Microsoft.Net\assembly\GAC_MSIL\System.Runtime.Extensions\v4.0_4.0.0.0__b03f5f7f11d50a3a\System.Runtime.Extensions.dll</ModulePath>
      <ModuleTime>2019-03-19T04:46:49.1170451Z</ModuleTime>
      <ModuleName>System.Runtime.Extensions</ModuleName>
      <Classes />
    </Module>
    <Module skippedDueTo="Filter" hash="B3-E4-61-6E-F4-2A-ED-FF-4F-AE-6A-F4-7F-AD-0E-27-D7-4B-5C-A7">
      <ModulePath>C:\Users\paola.giorsetti\Desktop\agileFacu\AhorcadoGrupo4\AhorcadoGrupo4\bin\Debug\netcoreapp2.1\publish\AhorcadoGrupo4.dll</ModulePath>
      <ModuleTime>2021-06-18T17:14:53.5637077Z</ModuleTime>
      <ModuleName>AhorcadoGrupo4</ModuleName>
      <Classes />
    </Module>
    <Module skippedDueTo="Filter" hash="04-8A-E8-86-D2-B9-0C-14-B0-FB-AC-8F-85-2A-95-37-A1-72-00-13">
      <ModulePath>C:\Users\paola.giorsetti\Desktop\agileFacu\AhorcadoGrupo4\AhorcadoGrupo4\bin\Debug\netcoreapp2.1\publish\xunit.core.dll</ModulePath>
      <ModuleTime>2018-10-29T07:16:58Z</ModuleTime>
      <ModuleName>xunit.core</ModuleName>
      <Classes />
    </Module>
    <Module skippedDueTo="Filter" hash="4D-04-FF-1F-48-91-96-EC-60-7A-BF-2D-AB-98-3C-99-36-19-C8-02">
      <ModulePath>C:\WINDOWS\Microsoft.Net\assembly\GAC_MSIL\System.Linq\v4.0_4.0.0.0__b03f5f7f11d50a3a\System.Linq.dll</ModulePath>
      <ModuleTime>2019-03-19T04:46:46.5855968Z</ModuleTime>
      <ModuleName>System.Linq</ModuleName>
      <Classes />
    </Module>
    <Module skippedDueTo="Filter" hash="18-29-AA-5D-B4-DD-C0-B9-1E-80-CD-35-A7-6F-55-3C-B2-F9-05-C0">
      <ModulePath>C:\WINDOWS\Microsoft.Net\assembly\GAC_MSIL\System.Collections\v4.0_4.0.0.0__b03f5f7f11d50a3a\System.Collections.dll</ModulePath>
      <ModuleTime>2019-03-19T04:46:46.0230527Z</ModuleTime>
      <ModuleName>System.Collections</ModuleName>
      <Classes />
    </Module>
    <Module skippedDueTo="Filter" hash="A4-DA-D8-75-A9-77-3A-0F-E3-95-C1-A8-22-15-5A-F9-B9-26-3A-35">
      <ModulePath>C:\WINDOWS\Microsoft.Net\assembly\GAC_MSIL\System.Collections.Concurrent\v4.0_4.0.0.0__b03f5f7f11d50a3a\System.Collections.Concurrent.dll</ModulePath>
      <ModuleTime>2019-03-19T04:46:49.6170857Z</ModuleTime>
      <ModuleName>System.Collections.Concurrent</ModuleName>
      <Classes />
    </Module>
    <Module skippedDueTo="Filter" hash="78-48-B3-ED-98-CA-53-77-25-59-22-75-FD-AE-7B-A1-C9-5D-C5-78">
      <ModulePath>C:\WINDOWS\Microsoft.Net\assembly\GAC_MSIL\System.Threading.Tasks\v4.0_4.0.0.0__b03f5f7f11d50a3a\System.Threading.Tasks.dll</ModulePath>
      <ModuleTime>2019-03-19T04:46:43.6009813Z</ModuleTime>
      <ModuleName>System.Threading.Tasks</ModuleName>
      <Classes />
    </Module>
    <Module skippedDueTo="Filter" hash="23-53-17-00-D2-D4-3D-8D-E0-AC-D6-7A-84-2D-85-65-3E-6F-31-5E">
      <ModulePath>C:\WINDOWS\Microsoft.Net\assembly\GAC_MSIL\System.Globalization\v4.0_4.0.0.0__b03f5f7f11d50a3a\System.Globalization.dll</ModulePath>
      <ModuleTime>2019-03-19T04:46:46.601223Z</ModuleTime>
      <ModuleName>System.Globalization</ModuleName>
      <Classes />
    </Module>
  </Modules>
</CoverageSession>